Welcome to Qwirkle!
-------------------
Choose version to run:
1. Base Qwirkle
2. Enhanced Qwirkle
> Qwirkle Version: Enhanced
Menu
1. New Game
2. Load Game
3. Credits
4. Quit
> 
Enter the filename from which to load a game:
> 
Qwirkle game successfully loaded

Score for PLAYERONE: 1
Score for PLAYERTWO: 0
   0  1  2  3  4  5  6  7  8  9 10 11 
--------------------------------------
A|  |  |  |  |  |  |  |  |  |  |  |  |
B|  |  |  |  |  |  |  |  |  |  |  |  |
C|  |  |[35mP5[0m|  |  |  |  |  |  |  |  |  |
D|  |  |  |  |  |  |  |  |  |  |  |  |
E|  |  |  |  |  |  |  |  |  |  |  |  |
F|  |  |  |  |  |  |  |  |  |  |  |  |
G|  |  |  |  |  |  |  |  |  |  |  |  |
H|  |  |  |  |  |  |  |  |  |  |  |  |
I|  |  |  |  |  |  |  |  |  |  |  |  |
J|  |  |  |  |  |  |  |  |  |  |  |  |
K|  |  |  |  |  |  |  |  |  |  |  |  |
L|  |  |  |  |  |  |  |  |  |  |  |  |

Tiles in hand: [34mB6[0m, [34mB3[0m, [34mB2[0m, [32mG6[0m, [33mY2[0m
Your move PLAYERONE: 

Score for PLAYERONE: 1
Score for PLAYERTWO: 0
   0  1  2  3  4  5  6  7  8  9 10 11 
--------------------------------------
A|  |  |  |  |  |  |  |  |  |  |  |  |
B|  |  |  |  |  |  |  |  |  |  |  |  |
C|  |  |[35mP5[0m|  |  |  |  |  |  |  |  |  |
D|  |  |  |  |  |  |  |  |  |  |  |  |
E|  |  |  |  |  |  |  |  |  |  |  |  |
F|  |  |  |  |  |  |  |  |  |  |  |  |
G|  |  |  |  |  |  |  |  |  |  |  |  |
H|  |  |  |  |  |  |  |  |  |  |  |  |
I|  |  |  |  |  |  |  |  |  |  |  |  |
J|  |  |  |  |  |  |  |  |  |  |  |  |
K|  |  |  |  |  |  |  |  |  |  |  |  |
L|  |  |  |  |  |  |  |  |  |  |  |  |

Tiles in hand: [38;5;214mO5[0m, [38;5;214mO4[0m, [38;5;214mO3[0m, [38;5;214mO1[0m, [31mR6[0m, [31mR2[0m
Your move PLAYERTWO: 
   0  1  2  3  4  5  6  7  8  9 10 11 
--------------------------------------
A|  |  |  |  |  |  |  |  |  |  |  |  |
B|  |  |  |  |  |  |  |  |  |  |  |  |
C|  |  |[35mP5[0m|[38;5;214mO5[0m|  |  |  |  |  |  |  |  |
D|  |  |  |  |  |  |  |  |  |  |  |  |
E|  |  |  |  |  |  |  |  |  |  |  |  |
F|  |  |  |  |  |  |  |  |  |  |  |  |
G|  |  |  |  |  |  |  |  |  |  |  |  |
H|  |  |  |  |  |  |  |  |  |  |  |  |
I|  |  |  |  |  |  |  |  |  |  |  |  |
J|  |  |  |  |  |  |  |  |  |  |  |  |
K|  |  |  |  |  |  |  |  |  |  |  |  |
L|  |  |  |  |  |  |  |  |  |  |  |  |

Tiles in hand: [38;5;214mO4[0m, [38;5;214mO3[0m, [38;5;214mO1[0m, [31mR6[0m, [31mR2[0m
Your move PLAYERTWO: 
   0  1  2  3  4  5  6  7  8  9 10 11 
--------------------------------------
A|  |  |  |  |  |  |  |  |  |  |  |  |
B|  |  |  |  |  |  |  |  |  |  |  |  |
C|  |  |[35mP5[0m|[38;5;214mO5[0m|  |  |  |  |  |  |  |  |
D|  |  |  |[38;5;214mO4[0m|  |  |  |  |  |  |  |  |
E|  |  |  |  |  |  |  |  |  |  |  |  |
F|  |  |  |  |  |  |  |  |  |  |  |  |
G|  |  |  |  |  |  |  |  |  |  |  |  |
H|  |  |  |  |  |  |  |  |  |  |  |  |
I|  |  |  |  |  |  |  |  |  |  |  |  |
J|  |  |  |  |  |  |  |  |  |  |  |  |
K|  |  |  |  |  |  |  |  |  |  |  |  |
L|  |  |  |  |  |  |  |  |  |  |  |  |

Tiles in hand: [38;5;214mO3[0m, [38;5;214mO1[0m, [31mR6[0m, [31mR2[0m
Your move PLAYERTWO: 
   0  1  2  3  4  5  6  7  8  9 10 11 
--------------------------------------
A|  |  |  |  |  |  |  |  |  |  |  |  |
B|  |  |  |  |  |  |  |  |  |  |  |  |
C|  |  |[35mP5[0m|[38;5;214mO5[0m|  |  |  |  |  |  |  |  |
D|  |  |  |[38;5;214mO4[0m|  |  |  |  |  |  |  |  |
E|  |  |  |[38;5;214mO3[0m|  |  |  |  |  |  |  |  |
F|  |  |  |  |  |  |  |  |  |  |  |  |
G|  |  |  |  |  |  |  |  |  |  |  |  |
H|  |  |  |  |  |  |  |  |  |  |  |  |
I|  |  |  |  |  |  |  |  |  |  |  |  |
J|  |  |  |  |  |  |  |  |  |  |  |  |
K|  |  |  |  |  |  |  |  |  |  |  |  |
L|  |  |  |  |  |  |  |  |  |  |  |  |

Tiles in hand: [38;5;214mO1[0m, [31mR6[0m, [31mR2[0m
Your move PLAYERTWO: 

Score for PLAYERONE: 1
Score for PLAYERTWO: 7
   0  1  2  3  4  5  6  7  8  9 10 11 
--------------------------------------
A|  |  |  |  |  |  |  |  |  |  |  |  |
B|  |  |  |  |  |  |  |  |  |  |  |  |
C|  |  |[35mP5[0m|[38;5;214mO5[0m|  |  |  |  |  |  |  |  |
D|  |  |  |[38;5;214mO4[0m|  |  |  |  |  |  |  |  |
E|  |  |  |[38;5;214mO3[0m|  |  |  |  |  |  |  |  |
F|  |  |  |  |  |  |  |  |  |  |  |  |
G|  |  |  |  |  |  |  |  |  |  |  |  |
H|  |  |  |  |  |  |  |  |  |  |  |  |
I|  |  |  |  |  |  |  |  |  |  |  |  |
J|  |  |  |  |  |  |  |  |  |  |  |  |
K|  |  |  |  |  |  |  |  |  |  |  |  |
L|  |  |  |  |  |  |  |  |  |  |  |  |

Tiles in hand: [34mB6[0m, [34mB3[0m, [34mB2[0m, [32mG6[0m, [33mY2[0m
Your move PLAYERONE: 
   0  1  2  3  4  5  6  7  8  9 10 11 
--------------------------------------
A|  |  |  |  |  |  |  |  |  |  |  |  |
B|  |  |  |  |  |  |  |  |  |  |  |  |
C|  |  |[35mP5[0m|[38;5;214mO5[0m|  |  |  |  |  |  |  |  |
D|  |  |  |[38;5;214mO4[0m|  |  |  |  |  |  |  |  |
E|  |  |  |[38;5;214mO3[0m|[34mB3[0m|  |  |  |  |  |  |  |
F|  |  |  |  |  |  |  |  |  |  |  |  |
G|  |  |  |  |  |  |  |  |  |  |  |  |
H|  |  |  |  |  |  |  |  |  |  |  |  |
I|  |  |  |  |  |  |  |  |  |  |  |  |
J|  |  |  |  |  |  |  |  |  |  |  |  |
K|  |  |  |  |  |  |  |  |  |  |  |  |
L|  |  |  |  |  |  |  |  |  |  |  |  |

Tiles in hand: [34mB6[0m, [34mB2[0m, [32mG6[0m, [33mY2[0m
Your move PLAYERONE: 

Score for PLAYERONE: 3
Score for PLAYERTWO: 7
   0  1  2  3  4  5  6  7  8  9 10 11 
--------------------------------------
A|  |  |  |  |  |  |  |  |  |  |  |  |
B|  |  |  |  |  |  |  |  |  |  |  |  |
C|  |  |[35mP5[0m|[38;5;214mO5[0m|  |  |  |  |  |  |  |  |
D|  |  |  |[38;5;214mO4[0m|  |  |  |  |  |  |  |  |
E|  |  |  |[38;5;214mO3[0m|[34mB3[0m|  |  |  |  |  |  |  |
F|  |  |  |  |  |  |  |  |  |  |  |  |
G|  |  |  |  |  |  |  |  |  |  |  |  |
H|  |  |  |  |  |  |  |  |  |  |  |  |
I|  |  |  |  |  |  |  |  |  |  |  |  |
J|  |  |  |  |  |  |  |  |  |  |  |  |
K|  |  |  |  |  |  |  |  |  |  |  |  |
L|  |  |  |  |  |  |  |  |  |  |  |  |

Tiles in hand: [38;5;214mO1[0m, [31mR6[0m, [31mR2[0m, [35mP4[0m, [34mB6[0m, [34mB4[0m
Your move PLAYERTWO: 
Qwirkle Version: Enhanced
Menu
1. New Game
2. Load Game
3. Credits
4. Quit
> 
Goodbye!
